2025-06-19 11:59:05.354 WARNING (Recorder) [homeassistant.components.recorder.util] The system could not validate that the sqlite3 database at //config/home-assistant_v2.db was shutdown cleanly
2025-06-19 11:59:05.719 WARNING (Recorder) [homeassistant.components.recorder.util] Ended unfinished session (id=25 from 2025-06-19 10:47:06.198073)
2025-06-19 11:59:27.730 WARNING (MainThread) [homeassistant.components.homeassistant.triggers.numeric_state] Error initializing 'Allumer Ventilo' trigger: In 'numeric_state' condition: unknown entity sensor.temperature_salon
2025-06-19 11:59:27.732 WARNING (MainThread) [homeassistant.components.homeassistant.triggers.numeric_state] Error initializing 'Allumer Ventilo' trigger: In 'numeric_state' condition: unknown entity sensor.humidite_salon
2025-06-19 11:59:27.733 WARNING (MainThread) [homeassistant.components.homeassistant.triggers.numeric_state] Error initializing 'Eteindre le ventilateur' trigger: In 'numeric_state' condition: unknown entity sensor.temperature_salon
2025-06-19 11:59:27.734 WARNING (MainThread) [homeassistant.components.homeassistant.triggers.numeric_state] Error initializing 'Eteindre le ventilateur' trigger: In 'numeric_state' condition: unknown entity sensor.humidite_salon
2025-06-19 11:59:28.592 WARNING (MainThread) [homeassistant.components.mqtt.sensor] The unit of measurement `ppm` is not valid together with device class `gas`. this will stop working in HA Core 2025.7.0
2025-06-19 11:59:28.597 WARNING (MainThread) [homeassistant.components.mqtt.sensor] The unit of measurement `%` is not valid together with device class `water`. this will stop working in HA Core 2025.7.0
2025-06-19 11:59:35.703 WARNING (MainThread) [homeassistant.components.sensor] Entity sensor.gaz_salon_2 (<class 'homeassistant.components.mqtt.sensor.MqttSensor'>) is using native unit of measurement 'ppm' which is not a valid unit for the device class ('gas') it is using; expected one of ['CCF', 'm続', 'ft続']; Please update your configuration if your entity is manually configured, otherwise create a bug report at https://github.com/home-assistant/core/issues?q=is%3Aopen+is%3Aissue+label%3A%22integration%3A+mqtt%22
2025-06-19 11:59:35.744 WARNING (MainThread) [homeassistant.components.sensor] Entity sensor.niveau_citerne_eau (<class 'homeassistant.components.mqtt.sensor.MqttSensor'>) is using native unit of measurement '%' which is not a valid unit for the device class ('water') it is using; expected one of ['CCF', 'L', 'gal', 'm続', 'ft続']; Please update your configuration if your entity is manually configured, otherwise create a bug report at https://github.com/home-assistant/core/issues?q=is%3Aopen+is%3Aissue+label%3A%22integration%3A+mqtt%22
2025-06-19 11:59:35.765 WARNING (MainThread) [homeassistant.components.mqtt.alarm_control_panel] Received unexpected payload: DISARMED
2025-06-19 11:59:35.785 WARNING (MainThread) [homeassistant.components.mqtt.alarm_control_panel] Received unexpected payload: OFF
2025-06-19 11:59:45.686 WARNING (MainThread) [homeassistant.components.mqtt.alarm_control_panel] Received unexpected payload: DISARMED
2025-06-19 11:59:45.692 WARNING (MainThread) [homeassistant.components.mqtt.alarm_control_panel] Received unexpected payload: OFF
2025-06-19 11:59:55.674 WARNING (MainThread) [homeassistant.components.mqtt.alarm_control_panel] Received unexpected payload: DISARMED
2025-06-19 11:59:55.680 WARNING (MainThread) [homeassistant.components.mqtt.alarm_control_panel] Received unexpected payload: OFF
2025-06-19 12:00:05.683 WARNING (MainThread) [homeassistant.components.mqtt.alarm_control_panel] Received unexpected payload: DISARMED
2025-06-19 12:00:05.691 WARNING (MainThread) [homeassistant.components.mqtt.alarm_control_panel] Received unexpected payload: OFF
2025-06-19 12:00:15.692 WARNING (MainThread) [homeassistant.components.mqtt.alarm_control_panel] Received unexpected payload: DISARMED
2025-06-19 12:00:15.700 WARNING (MainThread) [homeassistant.components.mqtt.alarm_control_panel] Received unexpected payload: OFF
2025-06-19 12:00:25.694 WARNING (MainThread) [homeassistant.components.mqtt.alarm_control_panel] Received unexpected payload: DISARMED
2025-06-19 12:00:25.702 WARNING (MainThread) [homeassistant.components.mqtt.alarm_control_panel] Received unexpected payload: OFF
2025-06-19 12:00:35.689 WARNING (MainThread) [homeassistant.components.mqtt.alarm_control_panel] Received unexpected payload: DISARMED
2025-06-19 12:00:35.693 WARNING (MainThread) [homeassistant.components.mqtt.alarm_control_panel] Received unexpected payload: OFF
2025-06-19 12:00:45.705 WARNING (MainThread) [homeassistant.components.mqtt.alarm_control_panel] Received unexpected payload: DISARMED
2025-06-19 12:00:45.713 WARNING (MainThread) [homeassistant.components.mqtt.alarm_control_panel] Received unexpected payload: OFF
2025-06-19 12:00:55.712 WARNING (MainThread) [homeassistant.components.mqtt.alarm_control_panel] Received unexpected payload: DISARMED
2025-06-19 12:00:55.720 WARNING (MainThread) [homeassistant.components.mqtt.alarm_control_panel] Received unexpected payload: OFF
2025-06-19 12:01:05.720 WARNING (MainThread) [homeassistant.components.mqtt.alarm_control_panel] Received unexpected payload: DISARMED
2025-06-19 12:01:05.728 WARNING (MainThread) [homeassistant.components.mqtt.alarm_control_panel] Received unexpected payload: OFF
2025-06-19 12:01:15.772 WARNING (MainThread) [homeassistant.components.mqtt.alarm_control_panel] Received unexpected payload: DISARMED
2025-06-19 12:01:15.780 WARNING (MainThread) [homeassistant.components.mqtt.alarm_control_panel] Received unexpected payload: OFF
2025-06-19 12:01:25.731 WARNING (MainThread) [homeassistant.components.mqtt.alarm_control_panel] Received unexpected payload: DISARMED
2025-06-19 12:01:25.738 WARNING (MainThread) [homeassistant.components.mqtt.alarm_control_panel] Received unexpected payload: OFF
2025-06-19 12:01:35.736 WARNING (MainThread) [homeassistant.components.mqtt.alarm_control_panel] Received unexpected payload: DISARMED
2025-06-19 12:01:35.744 WARNING (MainThread) [homeassistant.components.mqtt.alarm_control_panel] Received unexpected payload: OFF
2025-06-19 12:01:45.744 WARNING (MainThread) [homeassistant.components.mqtt.alarm_control_panel] Received unexpected payload: DISARMED
2025-06-19 12:01:45.752 WARNING (MainThread) [homeassistant.components.mqtt.alarm_control_panel] Received unexpected payload: OFF
2025-06-19 12:01:55.758 WARNING (MainThread) [homeassistant.components.mqtt.alarm_control_panel] Received unexpected payload: DISARMED
2025-06-19 12:01:55.764 WARNING (MainThread) [homeassistant.components.mqtt.alarm_control_panel] Received unexpected payload: OFF
2025-06-19 12:02:05.767 WARNING (MainThread) [homeassistant.components.mqtt.alarm_control_panel] Received unexpected payload: DISARMED
2025-06-19 12:02:05.776 WARNING (MainThread) [homeassistant.components.mqtt.alarm_control_panel] Received unexpected payload: OFF
2025-06-19 12:02:15.956 WARNING (MainThread) [homeassistant.components.mqtt.alarm_control_panel] Received unexpected payload: DISARMED
2025-06-19 12:02:15.967 WARNING (MainThread) [homeassistant.components.mqtt.alarm_control_panel] Received unexpected payload: OFF
2025-06-19 12:02:25.831 WARNING (MainThread) [homeassistant.components.mqtt.alarm_control_panel] Received unexpected payload: DISARMED
2025-06-19 12:02:25.837 WARNING (MainThread) [homeassistant.components.mqtt.alarm_control_panel] Received unexpected payload: OFF
2025-06-19 12:02:35.846 WARNING (MainThread) [homeassistant.components.mqtt.alarm_control_panel] Received unexpected payload: DISARMED
2025-06-19 12:02:35.850 WARNING (MainThread) [homeassistant.components.mqtt.alarm_control_panel] Received unexpected payload: OFF
2025-06-19 12:02:45.790 WARNING (MainThread) [homeassistant.components.mqtt.alarm_control_panel] Received unexpected payload: DISARMED
2025-06-19 12:02:45.798 WARNING (MainThread) [homeassistant.components.mqtt.alarm_control_panel] Received unexpected payload: OFF
2025-06-19 12:02:55.823 WARNING (MainThread) [homeassistant.components.mqtt.alarm_control_panel] Received unexpected payload: DISARMED
2025-06-19 12:02:55.831 WARNING (MainThread) [homeassistant.components.mqtt.alarm_control_panel] Received unexpected payload: OFF
2025-06-19 12:03:05.969 WARNING (MainThread) [homeassistant.components.mqtt.alarm_control_panel] Received unexpected payload: DISARMED
2025-06-19 12:03:05.976 WARNING (MainThread) [homeassistant.components.mqtt.alarm_control_panel] Received unexpected payload: OFF
2025-06-19 12:03:15.943 WARNING (MainThread) [homeassistant.components.mqtt.alarm_control_panel] Received unexpected payload: DISARMED
2025-06-19 12:03:15.951 WARNING (MainThread) [homeassistant.components.mqtt.alarm_control_panel] Received unexpected payload: OFF
2025-06-19 12:03:25.794 WARNING (MainThread) [homeassistant.components.mqtt.alarm_control_panel] Received unexpected payload: DISARMED
2025-06-19 12:03:25.808 WARNING (MainThread) [homeassistant.components.mqtt.alarm_control_panel] Received unexpected payload: OFF
2025-06-19 12:03:35.803 WARNING (MainThread) [homeassistant.components.mqtt.alarm_control_panel] Received unexpected payload: DISARMED
2025-06-19 12:03:35.813 WARNING (MainThread) [homeassistant.components.mqtt.alarm_control_panel] Received unexpected payload: OFF
2025-06-19 12:03:45.901 WARNING (MainThread) [homeassistant.components.mqtt.alarm_control_panel] Received unexpected payload: DISARMED
2025-06-19 12:03:45.908 WARNING (MainThread) [homeassistant.components.mqtt.alarm_control_panel] Received unexpected payload: OFF
2025-06-19 12:03:55.817 WARNING (MainThread) [homeassistant.components.mqtt.alarm_control_panel] Received unexpected payload: DISARMED
2025-06-19 12:03:55.823 WARNING (MainThread) [homeassistant.components.mqtt.alarm_control_panel] Received unexpected payload: OFF
2025-06-19 12:04:05.869 WARNING (MainThread) [homeassistant.components.mqtt.alarm_control_panel] Received unexpected payload: DISARMED
2025-06-19 12:04:05.877 WARNING (MainThread) [homeassistant.components.mqtt.alarm_control_panel] Received unexpected payload: OFF
2025-06-19 12:04:15.861 WARNING (MainThread) [homeassistant.components.mqtt.alarm_control_panel] Received unexpected payload: DISARMED
2025-06-19 12:04:15.871 WARNING (MainThread) [homeassistant.components.mqtt.alarm_control_panel] Received unexpected payload: OFF
2025-06-19 12:04:25.839 WARNING (MainThread) [homeassistant.components.mqtt.alarm_control_panel] Received unexpected payload: DISARMED
2025-06-19 12:04:25.849 WARNING (MainThread) [homeassistant.components.mqtt.alarm_control_panel] Received unexpected payload: OFF
2025-06-19 12:04:35.978 WARNING (MainThread) [homeassistant.components.mqtt.alarm_control_panel] Received unexpected payload: DISARMED
2025-06-19 12:04:35.985 WARNING (MainThread) [homeassistant.components.mqtt.alarm_control_panel] Received unexpected payload: OFF
2025-06-19 12:04:45.906 WARNING (MainThread) [homeassistant.components.mqtt.alarm_control_panel] Received unexpected payload: DISARMED
2025-06-19 12:04:45.914 WARNING (MainThread) [homeassistant.components.mqtt.alarm_control_panel] Received unexpected payload: OFF
2025-06-19 12:04:55.842 WARNING (MainThread) [homeassistant.components.mqtt.alarm_control_panel] Received unexpected payload: DISARMED
2025-06-19 12:04:55.850 WARNING (MainThread) [homeassistant.components.mqtt.alarm_control_panel] Received unexpected payload: OFF
2025-06-19 12:05:05.879 WARNING (MainThread) [homeassistant.components.mqtt.alarm_control_panel] Received unexpected payload: DISARMED
2025-06-19 12:05:05.886 WARNING (MainThread) [homeassistant.components.mqtt.alarm_control_panel] Received unexpected payload: OFF
2025-06-19 12:05:15.901 WARNING (MainThread) [homeassistant.components.mqtt.alarm_control_panel] Received unexpected payload: DISARMED
2025-06-19 12:05:15.908 WARNING (MainThread) [homeassistant.components.mqtt.alarm_control_panel] Received unexpected payload: OFF
2025-06-19 12:05:25.865 WARNING (MainThread) [homeassistant.components.mqtt.alarm_control_panel] Received unexpected payload: DISARMED
2025-06-19 12:05:25.872 WARNING (MainThread) [homeassistant.components.mqtt.alarm_control_panel] Received unexpected payload: OFF
2025-06-19 12:05:35.876 WARNING (MainThread) [homeassistant.components.mqtt.alarm_control_panel] Received unexpected payload: DISARMED
2025-06-19 12:05:35.883 WARNING (MainThread) [homeassistant.components.mqtt.alarm_control_panel] Received unexpected payload: OFF
2025-06-19 12:05:45.883 WARNING (MainThread) [homeassistant.components.mqtt.alarm_control_panel] Received unexpected payload: DISARMED
2025-06-19 12:05:45.890 WARNING (MainThread) [homeassistant.components.mqtt.alarm_control_panel] Received unexpected payload: OFF
2025-06-19 12:05:55.957 WARNING (MainThread) [homeassistant.components.mqtt.alarm_control_panel] Received unexpected payload: DISARMED
2025-06-19 12:05:55.965 WARNING (MainThread) [homeassistant.components.mqtt.alarm_control_panel] Received unexpected payload: OFF
2025-06-19 12:06:05.889 WARNING (MainThread) [homeassistant.components.mqtt.alarm_control_panel] Received unexpected payload: DISARMED
2025-06-19 12:06:05.897 WARNING (MainThread) [homeassistant.components.mqtt.alarm_control_panel] Received unexpected payload: OFF
2025-06-19 12:06:15.942 WARNING (MainThread) [homeassistant.components.mqtt.alarm_control_panel] Received unexpected payload: DISARMED
2025-06-19 12:06:15.948 WARNING (MainThread) [homeassistant.components.mqtt.alarm_control_panel] Received unexpected payload: OFF
2025-06-19 12:06:25.956 WARNING (MainThread) [homeassistant.components.mqtt.alarm_control_panel] Received unexpected payload: DISARMED
2025-06-19 12:06:25.963 WARNING (MainThread) [homeassistant.components.mqtt.alarm_control_panel] Received unexpected payload: OFF
2025-06-19 12:06:36.002 WARNING (MainThread) [homeassistant.components.mqtt.alarm_control_panel] Received unexpected payload: DISARMED
2025-06-19 12:06:36.010 WARNING (MainThread) [homeassistant.components.mqtt.alarm_control_panel] Received unexpected payload: OFF
2025-06-19 12:06:45.928 WARNING (MainThread) [homeassistant.components.mqtt.alarm_control_panel] Received unexpected payload: DISARMED
2025-06-19 12:06:45.938 WARNING (MainThread) [homeassistant.components.mqtt.alarm_control_panel] Received unexpected payload: OFF
2025-06-19 12:06:55.961 WARNING (MainThread) [homeassistant.components.mqtt.alarm_control_panel] Received unexpected payload: DISARMED
2025-06-19 12:06:55.969 WARNING (MainThread) [homeassistant.components.mqtt.alarm_control_panel] Received unexpected payload: OFF
2025-06-19 12:07:05.947 WARNING (MainThread) [homeassistant.components.mqtt.alarm_control_panel] Received unexpected payload: DISARMED
2025-06-19 12:07:05.956 WARNING (MainThread) [homeassistant.components.mqtt.alarm_control_panel] Received unexpected payload: OFF
2025-06-19 12:07:15.974 WARNING (MainThread) [homeassistant.components.mqtt.alarm_control_panel] Received unexpected payload: DISARMED
2025-06-19 12:07:15.981 WARNING (MainThread) [homeassistant.components.mqtt.alarm_control_panel] Received unexpected payload: OFF
2025-06-19 12:07:25.930 WARNING (MainThread) [homeassistant.components.mqtt.alarm_control_panel] Received unexpected payload: DISARMED
2025-06-19 12:07:25.938 WARNING (MainThread) [homeassistant.components.mqtt.alarm_control_panel] Received unexpected payload: OFF
2025-06-19 12:07:35.950 WARNING (MainThread) [homeassistant.components.mqtt.alarm_control_panel] Received unexpected payload: DISARMED
2025-06-19 12:07:35.957 WARNING (MainThread) [homeassistant.components.mqtt.alarm_control_panel] Received unexpected payload: OFF
2025-06-19 12:07:45.932 WARNING (MainThread) [homeassistant.components.mqtt.alarm_control_panel] Received unexpected payload: DISARMED
2025-06-19 12:07:45.937 WARNING (MainThread) [homeassistant.components.mqtt.alarm_control_panel] Received unexpected payload: OFF
2025-06-19 12:07:55.973 WARNING (MainThread) [homeassistant.components.mqtt.alarm_control_panel] Received unexpected payload: DISARMED
2025-06-19 12:07:55.983 WARNING (MainThread) [homeassistant.components.mqtt.alarm_control_panel] Received unexpected payload: OFF
2025-06-19 12:08:05.958 WARNING (MainThread) [homeassistant.components.mqtt.alarm_control_panel] Received unexpected payload: DISARMED
2025-06-19 12:08:05.965 WARNING (MainThread) [homeassistant.components.mqtt.alarm_control_panel] Received unexpected payload: OFF
2025-06-19 12:08:15.993 WARNING (MainThread) [homeassistant.components.mqtt.alarm_control_panel] Received unexpected payload: DISARMED
2025-06-19 12:08:15.996 WARNING (MainThread) [homeassistant.components.mqtt.alarm_control_panel] Received unexpected payload: OFF
2025-06-19 12:08:25.966 WARNING (MainThread) [homeassistant.components.mqtt.alarm_control_panel] Received unexpected payload: DISARMED
2025-06-19 12:08:25.973 WARNING (MainThread) [homeassistant.components.mqtt.alarm_control_panel] Received unexpected payload: OFF
2025-06-19 12:08:36.013 WARNING (MainThread) [homeassistant.components.mqtt.alarm_control_panel] Received unexpected payload: DISARMED
2025-06-19 12:08:36.020 WARNING (MainThread) [homeassistant.components.mqtt.alarm_control_panel] Received unexpected payload: OFF
2025-06-19 12:08:46.050 WARNING (MainThread) [homeassistant.components.mqtt.alarm_control_panel] Received unexpected payload: DISARMED
2025-06-19 12:08:46.058 WARNING (MainThread) [homeassistant.components.mqtt.alarm_control_panel] Received unexpected payload: OFF
2025-06-19 12:08:56.082 WARNING (MainThread) [homeassistant.components.mqtt.alarm_control_panel] Received unexpected payload: DISARMED
2025-06-19 12:08:56.089 WARNING (MainThread) [homeassistant.components.mqtt.alarm_control_panel] Received unexpected payload: OFF
2025-06-19 12:09:05.985 WARNING (MainThread) [homeassistant.components.mqtt.alarm_control_panel] Received unexpected payload: DISARMED
2025-06-19 12:09:05.992 WARNING (MainThread) [homeassistant.components.mqtt.alarm_control_panel] Received unexpected payload: OFF
2025-06-19 12:09:16.032 WARNING (MainThread) [homeassistant.components.mqtt.alarm_control_panel] Received unexpected payload: DISARMED
2025-06-19 12:09:16.039 WARNING (MainThread) [homeassistant.components.mqtt.alarm_control_panel] Received unexpected payload: OFF
2025-06-19 12:09:26.084 WARNING (MainThread) [homeassistant.components.mqtt.alarm_control_panel] Received unexpected payload: DISARMED
2025-06-19 12:09:26.091 WARNING (MainThread) [homeassistant.components.mqtt.alarm_control_panel] Received unexpected payload: OFF
2025-06-19 12:09:36.017 WARNING (MainThread) [homeassistant.components.mqtt.alarm_control_panel] Received unexpected payload: DISARMED
2025-06-19 12:09:36.025 WARNING (MainThread) [homeassistant.components.mqtt.alarm_control_panel] Received unexpected payload: OFF
2025-06-19 12:09:46.055 WARNING (MainThread) [homeassistant.components.mqtt.alarm_control_panel] Received unexpected payload: DISARMED
2025-06-19 12:09:46.062 WARNING (MainThread) [homeassistant.components.mqtt.alarm_control_panel] Received unexpected payload: OFF
2025-06-19 12:09:56.088 WARNING (MainThread) [homeassistant.components.mqtt.alarm_control_panel] Received unexpected payload: DISARMED
2025-06-19 12:09:56.095 WARNING (MainThread) [homeassistant.components.mqtt.alarm_control_panel] Received unexpected payload: OFF
2025-06-19 12:10:06.021 WARNING (MainThread) [homeassistant.components.mqtt.alarm_control_panel] Received unexpected payload: DISARMED
2025-06-19 12:10:06.028 WARNING (MainThread) [homeassistant.components.mqtt.alarm_control_panel] Received unexpected payload: OFF
